<?xml version="1.0" encoding="utf-8" standalone="no"?>
<!--This file represents the results of running a test suite-->
<test-results name="D:\publish\Mento\script\Mento.Script.EnergyView.dll" total="1" errors="0" failures="0" not-run="0" inconclusive="0" ignored="0" skipped="0" invalid="0" date="2012-12-04" time="13:46:42">
  <environment nunit-version="2.6.1.12217" clr-version="4.0.30319.17929" os-version="Microsoft Windows NT 6.1.7601 Service Pack 1" platform="Win32NT" cwd="D:\publish\Mento\Binary" machine-name="ZHANGFENG-WIN7" user="zhangfeng" user-domain="zhangfeng-win7" />
  <culture-info current-culture="en-US" current-uiculture="en-US" />
  <test-suite type="Assembly" name="D:\publish\Mento\script\Mento.Script.EnergyView.dll" executed="True" result="Success" success="True" time="13.404" asserts="0">
    <results>
      <test-suite type="Namespace" name="Mento" executed="True" result="Success" success="True" time="13.398" asserts="0">
        <results>
          <test-suite type="Namespace" name="Script" executed="True" result="Success" success="True" time="13.398" asserts="0">
            <results>
              <test-suite type="SetUpFixture" name="EnergyView" executed="True" result="Success" success="True" time="13.397" asserts="0">
                <results>
                  <test-suite type="Namespace" name="Usage" executed="True" result="Success" success="True" time="0.020" asserts="0">
                    <results>
                      <test-suite type="TestFixture" name="ValidateChartViewSuite" executed="True" result="Success" success="True" time="0.019" asserts="0">
                        <properties>
                          <property name="CreateTime" value="2012-11-14" />
                          <property name="Owner" value="Aries" />
                          <property name="ManualCaseID" value="TC-J1-SmokeTest-034" />
                        </properties>
                        <results>
                          <test-case name="Mento.Script.EnergyView.Usage.ValidateChartViewSuite.ValidateChartRendered" executed="True" result="Success" success="True" time="0.012" asserts="0">
                            <properties>
                              <property name="CaseID" value="TC-J1-SmokeTest-034" />
                            </properties>
                          </test-case>
                        </results>
                      </test-suite>
                    </results>
                  </test-suite>
                </results>
              </test-suite>
            </results>
          </test-suite>
        </results>
      </test-suite>
    </results>
  </test-suite>
</test-results>